Determining if the pthread_create exist failed with the following output:
Change Dir: /home/varun/git/HURO-2017/ROS/varun/build/CMakeFiles/CMakeTmp

Run Build Command:"/usr/bin/make" "cmTC_06e84/fast"
/usr/bin/make -f CMakeFiles/cmTC_06e84.dir/build.make CMakeFiles/cmTC_06e84.dir/build
make[1]: Entering directory '/home/varun/git/HURO-2017/ROS/varun/build/CMakeFiles/CMakeTmp'
Building C object CMakeFiles/cmTC_06e84.dir/CheckSymbolExists.c.o
/usr/bin/cc     -o CMakeFiles/cmTC_06e84.dir/CheckSymbolExists.c.o   -c /home/varun/git/HURO-2017/ROS/varun/build/CMakeFiles/CMakeTmp/CheckSymbolExists.c
Linking C executable cmTC_06e84
/usr/bin/cmake -E cmake_link_script CMakeFiles/cmTC_06e84.dir/link.txt --verbose=1
/usr/bin/cc       CMakeFiles/cmTC_06e84.dir/CheckSymbolExists.c.o  -o cmTC_06e84 -rdynamic 
CMakeFiles/cmTC_06e84.dir/CheckSymbolExists.c.o: In function `main':
CheckSymbolExists.c:(.text+0x16): undefined reference to `pthread_create'
collect2: error: ld returned 1 exit status
CMakeFiles/cmTC_06e84.dir/build.make:97: recipe for target 'cmTC_06e84' failed
make[1]: *** [cmTC_06e84] Error 1
make[1]: Leaving directory '/home/varun/git/HURO-2017/ROS/varun/build/CMakeFiles/CMakeTmp'
Makefile:126: recipe for target 'cmTC_06e84/fast' failed
make: *** [cmTC_06e84/fast] Error 2

File /home/varun/git/HURO-2017/ROS/varun/build/CMakeFiles/CMakeTmp/CheckSymbolExists.c:
/* */
#include <pthread.h>

int main(int argc, char** argv)
{
  (void)argv;
#ifndef pthread_create
  return ((int*)(&pthread_create))[argc];
#else
  (void)argc;
  return 0;
#endif
}

Determining if the function pthread_create exists in the pthreads failed with the following output:
Change Dir: /home/varun/git/HURO-2017/ROS/varun/build/CMakeFiles/CMakeTmp

Run Build Command:"/usr/bin/make" "cmTC_45fe5/fast"
/usr/bin/make -f CMakeFiles/cmTC_45fe5.dir/build.make CMakeFiles/cmTC_45fe5.dir/build
make[1]: Entering directory '/home/varun/git/HURO-2017/ROS/varun/build/CMakeFiles/CMakeTmp'
Building C object CMakeFiles/cmTC_45fe5.dir/CheckFunctionExists.c.o
/usr/bin/cc    -DCHECK_FUNCTION_EXISTS=pthread_create   -o CMakeFiles/cmTC_45fe5.dir/CheckFunctionExists.c.o   -c /usr/share/cmake-3.5/Modules/CheckFunctionExists.c
Linking C executable cmTC_45fe5
/usr/bin/cmake -E cmake_link_script CMakeFiles/cmTC_45fe5.dir/link.txt --verbose=1
/usr/bin/cc   -DCHECK_FUNCTION_EXISTS=pthread_create    CMakeFiles/cmTC_45fe5.dir/CheckFunctionExists.c.o  -o cmTC_45fe5 -rdynamic -lpthreads 
/usr/bin/ld: cannot find -lpthreads
collect2: error: ld returned 1 exit status
CMakeFiles/cmTC_45fe5.dir/build.make:97: recipe for target 'cmTC_45fe5' failed
make[1]: *** [cmTC_45fe5] Error 1
make[1]: Leaving directory '/home/varun/git/HURO-2017/ROS/varun/build/CMakeFiles/CMakeTmp'
Makefile:126: recipe for target 'cmTC_45fe5/fast' failed
make: *** [cmTC_45fe5/fast] Error 2


